{"0e513447efa92164a2c9240852530ae6":{"statistic":{"failed":0,"broken":0,"skipped":0,"passed":3,"unknown":0,"total":3},"items":[{"uid":"fef3628fb629cc2d","reportUrl":"https://qa-guru.github.io/qa_guru_python_1_7/5//#testresult/fef3628fb629cc2d","status":"passed","time":{"start":1657564139227,"stop":1657564139228,"duration":1}},{"uid":"f5dcb49c67ac5512","reportUrl":"https://qa-guru.github.io/qa_guru_python_1_7/4//#testresult/f5dcb49c67ac5512","status":"passed","time":{"start":1657563959769,"stop":1657563959769,"duration":0}},{"uid":"a12b535b8f7d679d","reportUrl":"https://qa-guru.github.io/qa_guru_python_1_7/3//#testresult/a12b535b8f7d679d","status":"passed","time":{"start":1657563630130,"stop":1657563630132,"duration":2}}]},"ee7adf2efbaaa135b16aeb889b9d3efd":{"statistic":{"failed":0,"broken":0,"skipped":0,"passed":3,"unknown":0,"total":3},"items":[{"uid":"ebeb5da50ad6f937","reportUrl":"https://qa-guru.github.io/qa_guru_python_1_7/5//#testresult/ebeb5da50ad6f937","status":"passed","time":{"start":1657564139232,"stop":1657564139232,"duration":0}},{"uid":"f332edeac120df57","reportUrl":"https://qa-guru.github.io/qa_guru_python_1_7/4//#testresult/f332edeac120df57","status":"passed","time":{"start":1657563959773,"stop":1657563959774,"duration":1}},{"uid":"3f00bd76bd6b20cc","reportUrl":"https://qa-guru.github.io/qa_guru_python_1_7/3//#testresult/3f00bd76bd6b20cc","status":"passed","time":{"start":1657563630139,"stop":1657563630139,"duration":0}}]},"0ec84876de384187e37f98293337dc17":{"statistic":{"failed":0,"broken":3,"skipped":0,"passed":0,"unknown":0,"total":3},"items":[{"uid":"d030aced4380c55b","reportUrl":"https://qa-guru.github.io/qa_guru_python_1_7/5//#testresult/d030aced4380c55b","status":"broken","statusDetails":"selenium.common.exceptions.WebDriverException: Message: unknown error: Chrome failed to start: exited abnormally.\n  (unknown error: DevToolsActivePort file doesn't exist)\n  (The process started from chrome location /usr/bin/google-chrome is no longer running, so ChromeDriver is assuming that Chrome has crashed.)\nStacktrace:\n#0 0x55d0cffd0b13 <unknown>\n#1 0x55d0cfdd7688 <unknown>\n#2 0x55d0cfdfbf1f <unknown>\n#3 0x55d0cfdf75aa <unknown>\n#4 0x55d0cfe3264a <unknown>\n#5 0x55d0cfe2c7a3 <unknown>\n#6 0x55d0cfe020ea <unknown>\n#7 0x55d0cfe03225 <unknown>\n#8 0x55d0d00182dd <unknown>\n#9 0x55d0d001c2c7 <unknown>\n#10 0x55d0d000222e <unknown>\n#11 0x55d0d001d0a8 <unknown>\n#12 0x55d0cfff6bc0 <unknown>\n#13 0x55d0d00396c8 <unknown>\n#14 0x55d0d0039848 <unknown>\n#15 0x55d0d0053c0d <unknown>\n#16 0x7f27393f1609 <unknown>","time":{"start":1657564142557,"stop":1657564143237,"duration":680}},{"uid":"8117a3da1909b7a6","reportUrl":"https://qa-guru.github.io/qa_guru_python_1_7/4//#testresult/8117a3da1909b7a6","status":"broken","statusDetails":"selenium.common.exceptions.WebDriverException: Message: unknown error: Chrome failed to start: exited abnormally.\n  (unknown error: DevToolsActivePort file doesn't exist)\n  (The process started from chrome location /usr/bin/google-chrome is no longer running, so ChromeDriver is assuming that Chrome has crashed.)\nStacktrace:\n#0 0x557b24231b13 <unknown>\n#1 0x557b24038688 <unknown>\n#2 0x557b2405cf1f <unknown>\n#3 0x557b240585aa <unknown>\n#4 0x557b2409364a <unknown>\n#5 0x557b2408d7a3 <unknown>\n#6 0x557b240630ea <unknown>\n#7 0x557b24064225 <unknown>\n#8 0x557b242792dd <unknown>\n#9 0x557b2427d2c7 <unknown>\n#10 0x557b2426322e <unknown>\n#11 0x557b2427e0a8 <unknown>\n#12 0x557b24257bc0 <unknown>\n#13 0x557b2429a6c8 <unknown>\n#14 0x557b2429a848 <unknown>\n#15 0x557b242b4c0d <unknown>\n#16 0x7f05d9d6a609 <unknown>","time":{"start":1657563962455,"stop":1657563963190,"duration":735}},{"uid":"a373406242c6775e","reportUrl":"https://qa-guru.github.io/qa_guru_python_1_7/3//#testresult/a373406242c6775e","status":"broken","statusDetails":"selenium.common.exceptions.WebDriverException: Message: unknown error: Chrome failed to start: exited abnormally.\n  (unknown error: DevToolsActivePort file doesn't exist)\n  (The process started from chrome location /usr/bin/google-chrome is no longer running, so ChromeDriver is assuming that Chrome has crashed.)\nStacktrace:\n#0 0x55aca6ca0b13 <unknown>\n#1 0x55aca6aa7688 <unknown>\n#2 0x55aca6acbf1f <unknown>\n#3 0x55aca6ac75aa <unknown>\n#4 0x55aca6b0264a <unknown>\n#5 0x55aca6afc7a3 <unknown>\n#6 0x55aca6ad20ea <unknown>\n#7 0x55aca6ad3225 <unknown>\n#8 0x55aca6ce82dd <unknown>\n#9 0x55aca6cec2c7 <unknown>\n#10 0x55aca6cd222e <unknown>\n#11 0x55aca6ced0a8 <unknown>\n#12 0x55aca6cc6bc0 <unknown>\n#13 0x55aca6d096c8 <unknown>\n#14 0x55aca6d09848 <unknown>\n#15 0x55aca6d23c0d <unknown>\n#16 0x7fc0495a5609 <unknown>","time":{"start":1657563645045,"stop":1657563645734,"duration":689}}]},"030d0f8c101a152ea8a3293a775caf95":{"statistic":{"failed":0,"broken":3,"skipped":0,"passed":0,"unknown":0,"total":3},"items":[{"uid":"1c9fd8ae5fff81c1","reportUrl":"https://qa-guru.github.io/qa_guru_python_1_7/5//#testresult/1c9fd8ae5fff81c1","status":"broken","statusDetails":"selenium.common.exceptions.WebDriverException: Message: unknown error: Chrome failed to start: exited abnormally.\n  (unknown error: DevToolsActivePort file doesn't exist)\n  (The process started from chrome location /usr/bin/google-chrome is no longer running, so ChromeDriver is assuming that Chrome has crashed.)\nStacktrace:\n#0 0x55f47c161b13 <unknown>\n#1 0x55f47bf68688 <unknown>\n#2 0x55f47bf8cf1f <unknown>\n#3 0x55f47bf885aa <unknown>\n#4 0x55f47bfc364a <unknown>\n#5 0x55f47bfbd7a3 <unknown>\n#6 0x55f47bf930ea <unknown>\n#7 0x55f47bf94225 <unknown>\n#8 0x55f47c1a92dd <unknown>\n#9 0x55f47c1ad2c7 <unknown>\n#10 0x55f47c19322e <unknown>\n#11 0x55f47c1ae0a8 <unknown>\n#12 0x55f47c187bc0 <unknown>\n#13 0x55f47c1ca6c8 <unknown>\n#14 0x55f47c1ca848 <unknown>\n#15 0x55f47c1e4c0d <unknown>\n#16 0x7fef4d050609 <unknown>","time":{"start":1657564141757,"stop":1657564142484,"duration":727}},{"uid":"32adbe171428dc2a","reportUrl":"https://qa-guru.github.io/qa_guru_python_1_7/4//#testresult/32adbe171428dc2a","status":"broken","statusDetails":"selenium.common.exceptions.WebDriverException: Message: unknown error: Chrome failed to start: exited abnormally.\n  (unknown error: DevToolsActivePort file doesn't exist)\n  (The process started from chrome location /usr/bin/google-chrome is no longer running, so ChromeDriver is assuming that Chrome has crashed.)\nStacktrace:\n#0 0x555f0ccb8b13 <unknown>\n#1 0x555f0cabf688 <unknown>\n#2 0x555f0cae3f1f <unknown>\n#3 0x555f0cadf5aa <unknown>\n#4 0x555f0cb1a64a <unknown>\n#5 0x555f0cb147a3 <unknown>\n#6 0x555f0caea0ea <unknown>\n#7 0x555f0caeb225 <unknown>\n#8 0x555f0cd002dd <unknown>\n#9 0x555f0cd042c7 <unknown>\n#10 0x555f0ccea22e <unknown>\n#11 0x555f0cd050a8 <unknown>\n#12 0x555f0ccdebc0 <unknown>\n#13 0x555f0cd216c8 <unknown>\n#14 0x555f0cd21848 <unknown>\n#15 0x555f0cd3bc0d <unknown>\n#16 0x7fdddcd3e609 <unknown>","time":{"start":1657563961653,"stop":1657563962387,"duration":734}},{"uid":"5f2c611a81114415","reportUrl":"https://qa-guru.github.io/qa_guru_python_1_7/3//#testresult/5f2c611a81114415","status":"broken","statusDetails":"selenium.common.exceptions.WebDriverException: Message: unknown error: Chrome failed to start: exited abnormally.\n  (unknown error: DevToolsActivePort file doesn't exist)\n  (The process started from chrome location /usr/bin/google-chrome is no longer running, so ChromeDriver is assuming that Chrome has crashed.)\nStacktrace:\n#0 0x561ab47e8b13 <unknown>\n#1 0x561ab45ef688 <unknown>\n#2 0x561ab4613f1f <unknown>\n#3 0x561ab460f5aa <unknown>\n#4 0x561ab464a64a <unknown>\n#5 0x561ab46447a3 <unknown>\n#6 0x561ab461a0ea <unknown>\n#7 0x561ab461b225 <unknown>\n#8 0x561ab48302dd <unknown>\n#9 0x561ab48342c7 <unknown>\n#10 0x561ab481a22e <unknown>\n#11 0x561ab48350a8 <unknown>\n#12 0x561ab480ebc0 <unknown>\n#13 0x561ab48516c8 <unknown>\n#14 0x561ab4851848 <unknown>\n#15 0x561ab486bc0d <unknown>\n#16 0x7f801e389609 <unknown>","time":{"start":1657563644216,"stop":1657563644956,"duration":740}}]},"91eb24abe5818f2b6bed1123d9018b41":{"statistic":{"failed":0,"broken":0,"skipped":0,"passed":3,"unknown":0,"total":3},"items":[{"uid":"d20230be2ebbf110","reportUrl":"https://qa-guru.github.io/qa_guru_python_1_7/5//#testresult/d20230be2ebbf110","status":"passed","time":{"start":1657564139231,"stop":1657564139231,"duration":0}},{"uid":"6c6203eaaaadf9f6","reportUrl":"https://qa-guru.github.io/qa_guru_python_1_7/4//#testresult/6c6203eaaaadf9f6","status":"passed","time":{"start":1657563959772,"stop":1657563959772,"duration":0}},{"uid":"2b06994ca4d24c83","reportUrl":"https://qa-guru.github.io/qa_guru_python_1_7/3//#testresult/2b06994ca4d24c83","status":"passed","time":{"start":1657563630134,"stop":1657563630134,"duration":0}}]},"0139c44e2d86c93c634c3d6d6688f462":{"statistic":{"failed":0,"broken":3,"skipped":0,"passed":0,"unknown":0,"total":3},"items":[{"uid":"f3e1c9a8b57d5d2b","reportUrl":"https://qa-guru.github.io/qa_guru_python_1_7/5//#testresult/f3e1c9a8b57d5d2b","status":"broken","statusDetails":"selenium.common.exceptions.WebDriverException: Message: unknown error: Chrome failed to start: exited abnormally.\n  (unknown error: DevToolsActivePort file doesn't exist)\n  (The process started from chrome location /usr/bin/google-chrome is no longer running, so ChromeDriver is assuming that Chrome has crashed.)\nStacktrace:\n#0 0x55aa74887b13 <unknown>\n#1 0x55aa7468e688 <unknown>\n#2 0x55aa746b2f1f <unknown>\n#3 0x55aa746ae5aa <unknown>\n#4 0x55aa746e964a <unknown>\n#5 0x55aa746e37a3 <unknown>\n#6 0x55aa746b90ea <unknown>\n#7 0x55aa746ba225 <unknown>\n#8 0x55aa748cf2dd <unknown>\n#9 0x55aa748d32c7 <unknown>\n#10 0x55aa748b922e <unknown>\n#11 0x55aa748d40a8 <unknown>\n#12 0x55aa748adbc0 <unknown>\n#13 0x55aa748f06c8 <unknown>\n#14 0x55aa748f0848 <unknown>\n#15 0x55aa7490ac0d <unknown>\n#16 0x7f151450e609 <unknown>","time":{"start":1657564139234,"stop":1657564141626,"duration":2392}},{"uid":"d3d8c468b84afc67","reportUrl":"https://qa-guru.github.io/qa_guru_python_1_7/4//#testresult/d3d8c468b84afc67","status":"broken","statusDetails":"selenium.common.exceptions.WebDriverException: Message: unknown error: Chrome failed to start: exited abnormally.\n  (unknown error: DevToolsActivePort file doesn't exist)\n  (The process started from chrome location /usr/bin/google-chrome is no longer running, so ChromeDriver is assuming that Chrome has crashed.)\nStacktrace:\n#0 0x55a6bc486b13 <unknown>\n#1 0x55a6bc28d688 <unknown>\n#2 0x55a6bc2b1f1f <unknown>\n#3 0x55a6bc2ad5aa <unknown>\n#4 0x55a6bc2e864a <unknown>\n#5 0x55a6bc2e27a3 <unknown>\n#6 0x55a6bc2b80ea <unknown>\n#7 0x55a6bc2b9225 <unknown>\n#8 0x55a6bc4ce2dd <unknown>\n#9 0x55a6bc4d22c7 <unknown>\n#10 0x55a6bc4b822e <unknown>\n#11 0x55a6bc4d30a8 <unknown>\n#12 0x55a6bc4acbc0 <unknown>\n#13 0x55a6bc4ef6c8 <unknown>\n#14 0x55a6bc4ef848 <unknown>\n#15 0x55a6bc509c0d <unknown>\n#16 0x7fd3299fb609 <unknown>","time":{"start":1657563959775,"stop":1657563961537,"duration":1762}},{"uid":"12218661b993808","reportUrl":"https://qa-guru.github.io/qa_guru_python_1_7/3//#testresult/12218661b993808","status":"broken","statusDetails":"selenium.common.exceptions.WebDriverException: Message: unknown error: Chrome failed to start: exited abnormally.\n  (unknown error: DevToolsActivePort file doesn't exist)\n  (The process started from chrome location /usr/bin/google-chrome is no longer running, so ChromeDriver is assuming that Chrome has crashed.)\nStacktrace:\n#0 0x55f71c3acb13 <unknown>\n#1 0x55f71c1b3688 <unknown>\n#2 0x55f71c1d7f1f <unknown>\n#3 0x55f71c1d35aa <unknown>\n#4 0x55f71c20e64a <unknown>\n#5 0x55f71c2087a3 <unknown>\n#6 0x55f71c1de0ea <unknown>\n#7 0x55f71c1df225 <unknown>\n#8 0x55f71c3f42dd <unknown>\n#9 0x55f71c3f82c7 <unknown>\n#10 0x55f71c3de22e <unknown>\n#11 0x55f71c3f90a8 <unknown>\n#12 0x55f71c3d2bc0 <unknown>\n#13 0x55f71c4156c8 <unknown>\n#14 0x55f71c415848 <unknown>\n#15 0x55f71c42fc0d <unknown>\n#16 0x7f241a654609 <unknown>","time":{"start":1657563630141,"stop":1657563644057,"duration":13916}}]},"6022a14518909447816a44551c9542d0":{"statistic":{"failed":0,"broken":0,"skipped":0,"passed":2,"unknown":0,"total":2},"items":[{"uid":"fb40fc7a12805b5a","reportUrl":"https://qa-guru.github.io/qa_guru_python_1_7/5//#testresult/fb40fc7a12805b5a","status":"passed","time":{"start":1657564139229,"stop":1657564139230,"duration":1}},{"uid":"dc3e340e6d9ccc2e","reportUrl":"https://qa-guru.github.io/qa_guru_python_1_7/4//#testresult/dc3e340e6d9ccc2e","status":"passed","time":{"start":1657563959771,"stop":1657563959771,"duration":0}}]}}