{"uid":"8117a3da1909b7a6","name":"test_decorator_steps","fullName":"tests.test_steps#test_decorator_steps","historyId":"0ec84876de384187e37f98293337dc17","time":{"start":1657563962455,"stop":1657563963190,"duration":735},"status":"broken","statusMessage":"selenium.common.exceptions.WebDriverException: Message: unknown error: Chrome failed to start: exited abnormally.\n  (unknown error: DevToolsActivePort file doesn't exist)\n  (The process started from chrome location /usr/bin/google-chrome is no longer running, so ChromeDriver is assuming that Chrome has crashed.)\nStacktrace:\n#0 0x557b24231b13 <unknown>\n#1 0x557b24038688 <unknown>\n#2 0x557b2405cf1f <unknown>\n#3 0x557b240585aa <unknown>\n#4 0x557b2409364a <unknown>\n#5 0x557b2408d7a3 <unknown>\n#6 0x557b240630ea <unknown>\n#7 0x557b24064225 <unknown>\n#8 0x557b242792dd <unknown>\n#9 0x557b2427d2c7 <unknown>\n#10 0x557b2426322e <unknown>\n#11 0x557b2427e0a8 <unknown>\n#12 0x557b24257bc0 <unknown>\n#13 0x557b2429a6c8 <unknown>\n#14 0x557b2429a848 <unknown>\n#15 0x557b242b4c0d <unknown>\n#16 0x7f05d9d6a609 <unknown>","statusTrace":"def test_decorator_steps():\n>       open_main_page()\n\ntests/test_steps.py:28: \n_ _ _ _ _ _ _ _ _ _ _ _ _ _ _ _ _ _ _ _ _ _ _ _ _ _ _ _ _ _ _ _ _ _ _ _ _ _ _ _ \ntests/test_steps.py:37: in open_main_page\n    browser.open(\"https://github.com\")\n/opt/hostedtoolcache/Python/3.10.5/x64/lib/python3.10/site-packages/selene/support/shared/browser.py:78: in open\n    self.config.get_or_create_driver().get(url)\n/opt/hostedtoolcache/Python/3.10.5/x64/lib/python3.10/site-packages/selene/support/shared/config.py:281: in get_or_create_driver\n    return self._source.get_or_create()\n/opt/hostedtoolcache/Python/3.10.5/x64/lib/python3.10/site-packages/selene/support/shared/config.py:129: in get_or_create\n    return self.create()\n/opt/hostedtoolcache/Python/3.10.5/x64/lib/python3.10/site-packages/selene/support/shared/config.py:110: in create\n    self._stored = self._set_driver()\n/opt/hostedtoolcache/Python/3.10.5/x64/lib/python3.10/site-packages/selene/support/shared/config.py:192: in <lambda>\n    lambda: self._set_chrome_or_firefox_from_webdriver_manager()\n/opt/hostedtoolcache/Python/3.10.5/x64/lib/python3.10/site-packages/selene/support/shared/config.py:259: in _set_chrome_or_firefox_from_webdriver_manager\n    return {'chrome': get_chrome, 'firefox': get_firefox}.get(\n/opt/hostedtoolcache/Python/3.10.5/x64/lib/python3.10/site-packages/selene/support/shared/config.py:239: in get_chrome\n    return Chrome(\n/opt/hostedtoolcache/Python/3.10.5/x64/lib/python3.10/site-packages/selenium/webdriver/chrome/webdriver.py:70: in __init__\n    super(WebDriver, self).__init__(DesiredCapabilities.CHROME['browserName'], \"goog\",\n/opt/hostedtoolcache/Python/3.10.5/x64/lib/python3.10/site-packages/selenium/webdriver/chromium/webdriver.py:92: in __init__\n    RemoteWebDriver.__init__(\n/opt/hostedtoolcache/Python/3.10.5/x64/lib/python3.10/site-packages/selenium/webdriver/remote/webdriver.py:275: in __init__\n    self.start_session(capabilities, browser_profile)\n/opt/hostedtoolcache/Python/3.10.5/x64/lib/python3.10/site-packages/selenium/webdriver/remote/webdriver.py:365: in start_session\n    response = self.execute(Command.NEW_SESSION, parameters)\n/opt/hostedtoolcache/Python/3.10.5/x64/lib/python3.10/site-packages/selenium/webdriver/remote/webdriver.py:430: in execute\n    self.error_handler.check_response(response)\n_ _ _ _ _ _ _ _ _ _ _ _ _ _ _ _ _ _ _ _ _ _ _ _ _ _ _ _ _ _ _ _ _ _ _ _ _ _ _ _ \n\nself = <selenium.webdriver.remote.errorhandler.ErrorHandler object at 0x7fd126398b20>\nresponse = {'status': 500, 'value': '{\"value\":{\"error\":\"unknown error\",\"message\":\"unknown error: Chrome failed to start: exited a...\\\\n#14 0x557b2429a848 \\\\u003Cunknown>\\\\n#15 0x557b242b4c0d \\\\u003Cunknown>\\\\n#16 0x7f05d9d6a609 \\\\u003Cunknown>\\\\n\"}}'}\n\n    def check_response(self, response: Dict[str, Any]) -> None:\n        \"\"\"\n        Checks that a JSON response from the WebDriver does not have an error.\n    \n        :Args:\n         - response - The JSON response from the WebDriver server as a dictionary\n           object.\n    \n        :Raises: If the response contains an error message.\n        \"\"\"\n        status = response.get('status', None)\n        if not status or status == ErrorCode.SUCCESS:\n            return\n        value = None\n        message = response.get(\"message\", \"\")\n        screen: str = response.get(\"screen\", \"\")\n        stacktrace = None\n        if isinstance(status, int):\n            value_json = response.get('value', None)\n            if value_json and isinstance(value_json, str):\n                import json\n                try:\n                    value = json.loads(value_json)\n                    if len(value.keys()) == 1:\n                        value = value['value']\n                    status = value.get('error', None)\n                    if not status:\n                        status = value.get(\"status\", ErrorCode.UNKNOWN_ERROR)\n                        message = value.get(\"value\") or value.get(\"message\")\n                        if not isinstance(message, str):\n                            value = message\n                            message = message.get('message')\n                    else:\n                        message = value.get('message', None)\n                except ValueError:\n                    pass\n    \n        exception_class: Type[WebDriverException]\n        if status in ErrorCode.NO_SUCH_ELEMENT:\n            exception_class = NoSuchElementException\n        elif status in ErrorCode.NO_SUCH_FRAME:\n            exception_class = NoSuchFrameException\n        elif status in ErrorCode.NO_SUCH_SHADOW_ROOT:\n            exception_class = NoSuchShadowRootException\n        elif status in ErrorCode.NO_SUCH_WINDOW:\n            exception_class = NoSuchWindowException\n        elif status in ErrorCode.STALE_ELEMENT_REFERENCE:\n            exception_class = StaleElementReferenceException\n        elif status in ErrorCode.ELEMENT_NOT_VISIBLE:\n            exception_class = ElementNotVisibleException\n        elif status in ErrorCode.INVALID_ELEMENT_STATE:\n            exception_class = InvalidElementStateException\n        elif status in ErrorCode.INVALID_SELECTOR \\\n                or status in ErrorCode.INVALID_XPATH_SELECTOR \\\n                or status in ErrorCode.INVALID_XPATH_SELECTOR_RETURN_TYPER:\n            exception_class = InvalidSelectorException\n        elif status in ErrorCode.ELEMENT_IS_NOT_SELECTABLE:\n            exception_class = ElementNotSelectableException\n        elif status in ErrorCode.ELEMENT_NOT_INTERACTABLE:\n            exception_class = ElementNotInteractableException\n        elif status in ErrorCode.INVALID_COOKIE_DOMAIN:\n            exception_class = InvalidCookieDomainException\n        elif status in ErrorCode.UNABLE_TO_SET_COOKIE:\n            exception_class = UnableToSetCookieException\n        elif status in ErrorCode.TIMEOUT:\n            exception_class = TimeoutException\n        elif status in ErrorCode.SCRIPT_TIMEOUT:\n            exception_class = TimeoutException\n        elif status in ErrorCode.UNKNOWN_ERROR:\n            exception_class = WebDriverException\n        elif status in ErrorCode.UNEXPECTED_ALERT_OPEN:\n            exception_class = UnexpectedAlertPresentException\n        elif status in ErrorCode.NO_ALERT_OPEN:\n            exception_class = NoAlertPresentException\n        elif status in ErrorCode.IME_NOT_AVAILABLE:\n            exception_class = ImeNotAvailableException\n        elif status in ErrorCode.IME_ENGINE_ACTIVATION_FAILED:\n            exception_class = ImeActivationFailedException\n        elif status in ErrorCode.MOVE_TARGET_OUT_OF_BOUNDS:\n            exception_class = MoveTargetOutOfBoundsException\n        elif status in ErrorCode.JAVASCRIPT_ERROR:\n            exception_class = JavascriptException\n        elif status in ErrorCode.SESSION_NOT_CREATED:\n            exception_class = SessionNotCreatedException\n        elif status in ErrorCode.INVALID_ARGUMENT:\n            exception_class = InvalidArgumentException\n        elif status in ErrorCode.NO_SUCH_COOKIE:\n            exception_class = NoSuchCookieException\n        elif status in ErrorCode.UNABLE_TO_CAPTURE_SCREEN:\n            exception_class = ScreenshotException\n        elif status in ErrorCode.ELEMENT_CLICK_INTERCEPTED:\n            exception_class = ElementClickInterceptedException\n        elif status in ErrorCode.INSECURE_CERTIFICATE:\n            exception_class = InsecureCertificateException\n        elif status in ErrorCode.INVALID_COORDINATES:\n            exception_class = InvalidCoordinatesException\n        elif status in ErrorCode.INVALID_SESSION_ID:\n            exception_class = InvalidSessionIdException\n        elif status in ErrorCode.UNKNOWN_METHOD:\n            exception_class = UnknownMethodException\n        else:\n            exception_class = WebDriverException\n        if not value:\n            value = response['value']\n        if isinstance(value, str):\n            raise exception_class(value)\n        if message == \"\" and 'message' in value:\n            message = value['message']\n    \n        screen = None  # type: ignore[assignment]\n        if 'screen' in value:\n            screen = value['screen']\n    \n        stacktrace = None\n        st_value = value.get('stackTrace') or value.get('stacktrace')\n        if st_value:\n            if isinstance(st_value, str):\n                stacktrace = st_value.split('\\n')\n            else:\n                stacktrace = []\n                try:\n                    for frame in st_value:\n                        line = self._value_or_default(frame, 'lineNumber', '')\n                        file = self._value_or_default(frame, 'fileName', '<anonymous>')\n                        if line:\n                            file = \"%s:%s\" % (file, line)\n                        meth = self._value_or_default(frame, 'methodName', '<anonymous>')\n                        if 'className' in frame:\n                            meth = \"%s.%s\" % (frame['className'], meth)\n                        msg = \"    at %s (%s)\"\n                        msg = msg % (meth, file)\n                        stacktrace.append(msg)\n                except TypeError:\n                    pass\n        if exception_class == UnexpectedAlertPresentException:\n            alert_text = None\n            if 'data' in value:\n                alert_text = value['data'].get('text')\n            elif 'alert' in value:\n                alert_text = value['alert'].get('text')\n            raise exception_class(message, screen, stacktrace, alert_text)  # type: ignore[call-arg]  # mypy is not smart enough here\n>       raise exception_class(message, screen, stacktrace)\nE       selenium.common.exceptions.WebDriverException: Message: unknown error: Chrome failed to start: exited abnormally.\nE         (unknown error: DevToolsActivePort file doesn't exist)\nE         (The process started from chrome location /usr/bin/google-chrome is no longer running, so ChromeDriver is assuming that Chrome has crashed.)\nE       Stacktrace:\nE       #0 0x557b24231b13 <unknown>\nE       #1 0x557b24038688 <unknown>\nE       #2 0x557b2405cf1f <unknown>\nE       #3 0x557b240585aa <unknown>\nE       #4 0x557b2409364a <unknown>\nE       #5 0x557b2408d7a3 <unknown>\nE       #6 0x557b240630ea <unknown>\nE       #7 0x557b24064225 <unknown>\nE       #8 0x557b242792dd <unknown>\nE       #9 0x557b2427d2c7 <unknown>\nE       #10 0x557b2426322e <unknown>\nE       #11 0x557b2427e0a8 <unknown>\nE       #12 0x557b24257bc0 <unknown>\nE       #13 0x557b2429a6c8 <unknown>\nE       #14 0x557b2429a848 <unknown>\nE       #15 0x557b242b4c0d <unknown>\nE       #16 0x7f05d9d6a609 <unknown>\n\n/opt/hostedtoolcache/Python/3.10.5/x64/lib/python3.10/site-packages/selenium/webdriver/remote/errorhandler.py:247: WebDriverException","flaky":false,"newFailed":false,"newBroken":false,"newPassed":false,"retriesCount":0,"retriesStatusChange":false,"beforeStages":[],"testStage":{"status":"broken","statusMessage":"selenium.common.exceptions.WebDriverException: Message: unknown error: Chrome failed to start: exited abnormally.\n  (unknown error: DevToolsActivePort file doesn't exist)\n  (The process started from chrome location /usr/bin/google-chrome is no longer running, so ChromeDriver is assuming that Chrome has crashed.)\nStacktrace:\n#0 0x557b24231b13 <unknown>\n#1 0x557b24038688 <unknown>\n#2 0x557b2405cf1f <unknown>\n#3 0x557b240585aa <unknown>\n#4 0x557b2409364a <unknown>\n#5 0x557b2408d7a3 <unknown>\n#6 0x557b240630ea <unknown>\n#7 0x557b24064225 <unknown>\n#8 0x557b242792dd <unknown>\n#9 0x557b2427d2c7 <unknown>\n#10 0x557b2426322e <unknown>\n#11 0x557b2427e0a8 <unknown>\n#12 0x557b24257bc0 <unknown>\n#13 0x557b2429a6c8 <unknown>\n#14 0x557b2429a848 <unknown>\n#15 0x557b242b4c0d <unknown>\n#16 0x7f05d9d6a609 <unknown>","statusTrace":"def test_decorator_steps():\n>       open_main_page()\n\ntests/test_steps.py:28: \n_ _ _ _ _ _ _ _ _ _ _ _ _ _ _ _ _ _ _ _ _ _ _ _ _ _ _ _ _ _ _ _ _ _ _ _ _ _ _ _ \ntests/test_steps.py:37: in open_main_page\n    browser.open(\"https://github.com\")\n/opt/hostedtoolcache/Python/3.10.5/x64/lib/python3.10/site-packages/selene/support/shared/browser.py:78: in open\n    self.config.get_or_create_driver().get(url)\n/opt/hostedtoolcache/Python/3.10.5/x64/lib/python3.10/site-packages/selene/support/shared/config.py:281: in get_or_create_driver\n    return self._source.get_or_create()\n/opt/hostedtoolcache/Python/3.10.5/x64/lib/python3.10/site-packages/selene/support/shared/config.py:129: in get_or_create\n    return self.create()\n/opt/hostedtoolcache/Python/3.10.5/x64/lib/python3.10/site-packages/selene/support/shared/config.py:110: in create\n    self._stored = self._set_driver()\n/opt/hostedtoolcache/Python/3.10.5/x64/lib/python3.10/site-packages/selene/support/shared/config.py:192: in <lambda>\n    lambda: self._set_chrome_or_firefox_from_webdriver_manager()\n/opt/hostedtoolcache/Python/3.10.5/x64/lib/python3.10/site-packages/selene/support/shared/config.py:259: in _set_chrome_or_firefox_from_webdriver_manager\n    return {'chrome': get_chrome, 'firefox': get_firefox}.get(\n/opt/hostedtoolcache/Python/3.10.5/x64/lib/python3.10/site-packages/selene/support/shared/config.py:239: in get_chrome\n    return Chrome(\n/opt/hostedtoolcache/Python/3.10.5/x64/lib/python3.10/site-packages/selenium/webdriver/chrome/webdriver.py:70: in __init__\n    super(WebDriver, self).__init__(DesiredCapabilities.CHROME['browserName'], \"goog\",\n/opt/hostedtoolcache/Python/3.10.5/x64/lib/python3.10/site-packages/selenium/webdriver/chromium/webdriver.py:92: in __init__\n    RemoteWebDriver.__init__(\n/opt/hostedtoolcache/Python/3.10.5/x64/lib/python3.10/site-packages/selenium/webdriver/remote/webdriver.py:275: in __init__\n    self.start_session(capabilities, browser_profile)\n/opt/hostedtoolcache/Python/3.10.5/x64/lib/python3.10/site-packages/selenium/webdriver/remote/webdriver.py:365: in start_session\n    response = self.execute(Command.NEW_SESSION, parameters)\n/opt/hostedtoolcache/Python/3.10.5/x64/lib/python3.10/site-packages/selenium/webdriver/remote/webdriver.py:430: in execute\n    self.error_handler.check_response(response)\n_ _ _ _ _ _ _ _ _ _ _ _ _ _ _ _ _ _ _ _ _ _ _ _ _ _ _ _ _ _ _ _ _ _ _ _ _ _ _ _ \n\nself = <selenium.webdriver.remote.errorhandler.ErrorHandler object at 0x7fd126398b20>\nresponse = {'status': 500, 'value': '{\"value\":{\"error\":\"unknown error\",\"message\":\"unknown error: Chrome failed to start: exited a...\\\\n#14 0x557b2429a848 \\\\u003Cunknown>\\\\n#15 0x557b242b4c0d \\\\u003Cunknown>\\\\n#16 0x7f05d9d6a609 \\\\u003Cunknown>\\\\n\"}}'}\n\n    def check_response(self, response: Dict[str, Any]) -> None:\n        \"\"\"\n        Checks that a JSON response from the WebDriver does not have an error.\n    \n        :Args:\n         - response - The JSON response from the WebDriver server as a dictionary\n           object.\n    \n        :Raises: If the response contains an error message.\n        \"\"\"\n        status = response.get('status', None)\n        if not status or status == ErrorCode.SUCCESS:\n            return\n        value = None\n        message = response.get(\"message\", \"\")\n        screen: str = response.get(\"screen\", \"\")\n        stacktrace = None\n        if isinstance(status, int):\n            value_json = response.get('value', None)\n            if value_json and isinstance(value_json, str):\n                import json\n                try:\n                    value = json.loads(value_json)\n                    if len(value.keys()) == 1:\n                        value = value['value']\n                    status = value.get('error', None)\n                    if not status:\n                        status = value.get(\"status\", ErrorCode.UNKNOWN_ERROR)\n                        message = value.get(\"value\") or value.get(\"message\")\n                        if not isinstance(message, str):\n                            value = message\n                            message = message.get('message')\n                    else:\n                        message = value.get('message', None)\n                except ValueError:\n                    pass\n    \n        exception_class: Type[WebDriverException]\n        if status in ErrorCode.NO_SUCH_ELEMENT:\n            exception_class = NoSuchElementException\n        elif status in ErrorCode.NO_SUCH_FRAME:\n            exception_class = NoSuchFrameException\n        elif status in ErrorCode.NO_SUCH_SHADOW_ROOT:\n            exception_class = NoSuchShadowRootException\n        elif status in ErrorCode.NO_SUCH_WINDOW:\n            exception_class = NoSuchWindowException\n        elif status in ErrorCode.STALE_ELEMENT_REFERENCE:\n            exception_class = StaleElementReferenceException\n        elif status in ErrorCode.ELEMENT_NOT_VISIBLE:\n            exception_class = ElementNotVisibleException\n        elif status in ErrorCode.INVALID_ELEMENT_STATE:\n            exception_class = InvalidElementStateException\n        elif status in ErrorCode.INVALID_SELECTOR \\\n                or status in ErrorCode.INVALID_XPATH_SELECTOR \\\n                or status in ErrorCode.INVALID_XPATH_SELECTOR_RETURN_TYPER:\n            exception_class = InvalidSelectorException\n        elif status in ErrorCode.ELEMENT_IS_NOT_SELECTABLE:\n            exception_class = ElementNotSelectableException\n        elif status in ErrorCode.ELEMENT_NOT_INTERACTABLE:\n            exception_class = ElementNotInteractableException\n        elif status in ErrorCode.INVALID_COOKIE_DOMAIN:\n            exception_class = InvalidCookieDomainException\n        elif status in ErrorCode.UNABLE_TO_SET_COOKIE:\n            exception_class = UnableToSetCookieException\n        elif status in ErrorCode.TIMEOUT:\n            exception_class = TimeoutException\n        elif status in ErrorCode.SCRIPT_TIMEOUT:\n            exception_class = TimeoutException\n        elif status in ErrorCode.UNKNOWN_ERROR:\n            exception_class = WebDriverException\n        elif status in ErrorCode.UNEXPECTED_ALERT_OPEN:\n            exception_class = UnexpectedAlertPresentException\n        elif status in ErrorCode.NO_ALERT_OPEN:\n            exception_class = NoAlertPresentException\n        elif status in ErrorCode.IME_NOT_AVAILABLE:\n            exception_class = ImeNotAvailableException\n        elif status in ErrorCode.IME_ENGINE_ACTIVATION_FAILED:\n            exception_class = ImeActivationFailedException\n        elif status in ErrorCode.MOVE_TARGET_OUT_OF_BOUNDS:\n            exception_class = MoveTargetOutOfBoundsException\n        elif status in ErrorCode.JAVASCRIPT_ERROR:\n            exception_class = JavascriptException\n        elif status in ErrorCode.SESSION_NOT_CREATED:\n            exception_class = SessionNotCreatedException\n        elif status in ErrorCode.INVALID_ARGUMENT:\n            exception_class = InvalidArgumentException\n        elif status in ErrorCode.NO_SUCH_COOKIE:\n            exception_class = NoSuchCookieException\n        elif status in ErrorCode.UNABLE_TO_CAPTURE_SCREEN:\n            exception_class = ScreenshotException\n        elif status in ErrorCode.ELEMENT_CLICK_INTERCEPTED:\n            exception_class = ElementClickInterceptedException\n        elif status in ErrorCode.INSECURE_CERTIFICATE:\n            exception_class = InsecureCertificateException\n        elif status in ErrorCode.INVALID_COORDINATES:\n            exception_class = InvalidCoordinatesException\n        elif status in ErrorCode.INVALID_SESSION_ID:\n            exception_class = InvalidSessionIdException\n        elif status in ErrorCode.UNKNOWN_METHOD:\n            exception_class = UnknownMethodException\n        else:\n            exception_class = WebDriverException\n        if not value:\n            value = response['value']\n        if isinstance(value, str):\n            raise exception_class(value)\n        if message == \"\" and 'message' in value:\n            message = value['message']\n    \n        screen = None  # type: ignore[assignment]\n        if 'screen' in value:\n            screen = value['screen']\n    \n        stacktrace = None\n        st_value = value.get('stackTrace') or value.get('stacktrace')\n        if st_value:\n            if isinstance(st_value, str):\n                stacktrace = st_value.split('\\n')\n            else:\n                stacktrace = []\n                try:\n                    for frame in st_value:\n                        line = self._value_or_default(frame, 'lineNumber', '')\n                        file = self._value_or_default(frame, 'fileName', '<anonymous>')\n                        if line:\n                            file = \"%s:%s\" % (file, line)\n                        meth = self._value_or_default(frame, 'methodName', '<anonymous>')\n                        if 'className' in frame:\n                            meth = \"%s.%s\" % (frame['className'], meth)\n                        msg = \"    at %s (%s)\"\n                        msg = msg % (meth, file)\n                        stacktrace.append(msg)\n                except TypeError:\n                    pass\n        if exception_class == UnexpectedAlertPresentException:\n            alert_text = None\n            if 'data' in value:\n                alert_text = value['data'].get('text')\n            elif 'alert' in value:\n                alert_text = value['alert'].get('text')\n            raise exception_class(message, screen, stacktrace, alert_text)  # type: ignore[call-arg]  # mypy is not smart enough here\n>       raise exception_class(message, screen, stacktrace)\nE       selenium.common.exceptions.WebDriverException: Message: unknown error: Chrome failed to start: exited abnormally.\nE         (unknown error: DevToolsActivePort file doesn't exist)\nE         (The process started from chrome location /usr/bin/google-chrome is no longer running, so ChromeDriver is assuming that Chrome has crashed.)\nE       Stacktrace:\nE       #0 0x557b24231b13 <unknown>\nE       #1 0x557b24038688 <unknown>\nE       #2 0x557b2405cf1f <unknown>\nE       #3 0x557b240585aa <unknown>\nE       #4 0x557b2409364a <unknown>\nE       #5 0x557b2408d7a3 <unknown>\nE       #6 0x557b240630ea <unknown>\nE       #7 0x557b24064225 <unknown>\nE       #8 0x557b242792dd <unknown>\nE       #9 0x557b2427d2c7 <unknown>\nE       #10 0x557b2426322e <unknown>\nE       #11 0x557b2427e0a8 <unknown>\nE       #12 0x557b24257bc0 <unknown>\nE       #13 0x557b2429a6c8 <unknown>\nE       #14 0x557b2429a848 <unknown>\nE       #15 0x557b242b4c0d <unknown>\nE       #16 0x7f05d9d6a609 <unknown>\n\n/opt/hostedtoolcache/Python/3.10.5/x64/lib/python3.10/site-packages/selenium/webdriver/remote/errorhandler.py:247: WebDriverException","steps":[{"name":"Открываем главную страницу","time":{"start":1657563962455,"stop":1657563963189,"duration":734},"status":"broken","statusMessage":"selenium.common.exceptions.WebDriverException: Message: unknown error: Chrome failed to start: exited abnormally.\n  (unknown error: DevToolsActivePort file doesn't exist)\n  (The process started from chrome location /usr/bin/google-chrome is no longer running, so ChromeDriver is assuming that Chrome has crashed.)\nStacktrace:\n#0 0x557b24231b13 <unknown>\n#1 0x557b24038688 <unknown>\n#2 0x557b2405cf1f <unknown>\n#3 0x557b240585aa <unknown>\n#4 0x557b2409364a <unknown>\n#5 0x557b2408d7a3 <unknown>\n#6 0x557b240630ea <unknown>\n#7 0x557b24064225 <unknown>\n#8 0x557b242792dd <unknown>\n#9 0x557b2427d2c7 <unknown>\n#10 0x557b2426322e <unknown>\n#11 0x557b2427e0a8 <unknown>\n#12 0x557b24257bc0 <unknown>\n#13 0x557b2429a6c8 <unknown>\n#14 0x557b2429a848 <unknown>\n#15 0x557b242b4c0d <unknown>\n#16 0x7f05d9d6a609 <unknown>\n\n","statusTrace":"  File \"/opt/hostedtoolcache/Python/3.10.5/x64/lib/python3.10/site-packages/allure_commons/_allure.py\", line 172, in impl\n    return func(*a, **kw)\n  File \"/home/runner/work/qa_guru_python_1_7/qa_guru_python_1_7/tests/test_steps.py\", line 37, in open_main_page\n    browser.open(\"https://github.com\")\n  File \"/opt/hostedtoolcache/Python/3.10.5/x64/lib/python3.10/site-packages/selene/support/shared/browser.py\", line 78, in open\n    self.config.get_or_create_driver().get(url)\n  File \"/opt/hostedtoolcache/Python/3.10.5/x64/lib/python3.10/site-packages/selene/support/shared/config.py\", line 281, in get_or_create_driver\n    return self._source.get_or_create()\n  File \"/opt/hostedtoolcache/Python/3.10.5/x64/lib/python3.10/site-packages/selene/support/shared/config.py\", line 129, in get_or_create\n    return self.create()\n  File \"/opt/hostedtoolcache/Python/3.10.5/x64/lib/python3.10/site-packages/selene/support/shared/config.py\", line 110, in create\n    self._stored = self._set_driver()\n  File \"/opt/hostedtoolcache/Python/3.10.5/x64/lib/python3.10/site-packages/selene/support/shared/config.py\", line 192, in <lambda>\n    lambda: self._set_chrome_or_firefox_from_webdriver_manager()\n  File \"/opt/hostedtoolcache/Python/3.10.5/x64/lib/python3.10/site-packages/selene/support/shared/config.py\", line 259, in _set_chrome_or_firefox_from_webdriver_manager\n    return {'chrome': get_chrome, 'firefox': get_firefox}.get(\n  File \"/opt/hostedtoolcache/Python/3.10.5/x64/lib/python3.10/site-packages/selene/support/shared/config.py\", line 239, in get_chrome\n    return Chrome(\n  File \"/opt/hostedtoolcache/Python/3.10.5/x64/lib/python3.10/site-packages/selenium/webdriver/chrome/webdriver.py\", line 70, in __init__\n    super(WebDriver, self).__init__(DesiredCapabilities.CHROME['browserName'], \"goog\",\n  File \"/opt/hostedtoolcache/Python/3.10.5/x64/lib/python3.10/site-packages/selenium/webdriver/chromium/webdriver.py\", line 92, in __init__\n    RemoteWebDriver.__init__(\n  File \"/opt/hostedtoolcache/Python/3.10.5/x64/lib/python3.10/site-packages/selenium/webdriver/remote/webdriver.py\", line 275, in __init__\n    self.start_session(capabilities, browser_profile)\n  File \"/opt/hostedtoolcache/Python/3.10.5/x64/lib/python3.10/site-packages/selenium/webdriver/remote/webdriver.py\", line 365, in start_session\n    response = self.execute(Command.NEW_SESSION, parameters)\n  File \"/opt/hostedtoolcache/Python/3.10.5/x64/lib/python3.10/site-packages/selenium/webdriver/remote/webdriver.py\", line 430, in execute\n    self.error_handler.check_response(response)\n  File \"/opt/hostedtoolcache/Python/3.10.5/x64/lib/python3.10/site-packages/selenium/webdriver/remote/errorhandler.py\", line 247, in check_response\n    raise exception_class(message, screen, stacktrace)\n","steps":[],"attachments":[],"parameters":[],"stepsCount":0,"attachmentsCount":0,"shouldDisplayMessage":true,"hasContent":true}],"attachments":[{"uid":"4f9a696e440422a","name":"log","source":"4f9a696e440422a.txt","type":"text/plain","size":338},{"uid":"7119f03813760dde","name":"stdout","source":"7119f03813760dde.txt","type":"text/plain","size":1},{"uid":"b9aa8e6d6010d6e3","name":"stderr","source":"b9aa8e6d6010d6e3.txt","type":"text/plain","size":267}],"parameters":[],"stepsCount":1,"attachmentsCount":3,"shouldDisplayMessage":true,"hasContent":true},"afterStages":[],"labels":[{"name":"parentSuite","value":"tests"},{"name":"suite","value":"test_steps"},{"name":"host","value":"fv-az296-18"},{"name":"thread","value":"2266-MainThread"},{"name":"framework","value":"pytest"},{"name":"language","value":"cpython3"},{"name":"package","value":"tests.test_steps"},{"name":"resultFormat","value":"allure2"}],"parameters":[],"links":[],"hidden":false,"retry":false,"extra":{"severity":"normal","retries":[],"categories":[{"name":"Test defects","matchedStatuses":[],"flaky":false}],"history":{"statistic":{"failed":0,"broken":2,"skipped":0,"passed":0,"unknown":0,"total":2},"items":[{"uid":"a373406242c6775e","reportUrl":"https://qa-guru.github.io/qa_guru_python_1_7/3//#testresult/a373406242c6775e","status":"broken","statusDetails":"selenium.common.exceptions.WebDriverException: Message: unknown error: Chrome failed to start: exited abnormally.\n  (unknown error: DevToolsActivePort file doesn't exist)\n  (The process started from chrome location /usr/bin/google-chrome is no longer running, so ChromeDriver is assuming that Chrome has crashed.)\nStacktrace:\n#0 0x55aca6ca0b13 <unknown>\n#1 0x55aca6aa7688 <unknown>\n#2 0x55aca6acbf1f <unknown>\n#3 0x55aca6ac75aa <unknown>\n#4 0x55aca6b0264a <unknown>\n#5 0x55aca6afc7a3 <unknown>\n#6 0x55aca6ad20ea <unknown>\n#7 0x55aca6ad3225 <unknown>\n#8 0x55aca6ce82dd <unknown>\n#9 0x55aca6cec2c7 <unknown>\n#10 0x55aca6cd222e <unknown>\n#11 0x55aca6ced0a8 <unknown>\n#12 0x55aca6cc6bc0 <unknown>\n#13 0x55aca6d096c8 <unknown>\n#14 0x55aca6d09848 <unknown>\n#15 0x55aca6d23c0d <unknown>\n#16 0x7fc0495a5609 <unknown>","time":{"start":1657563645045,"stop":1657563645734,"duration":689}}]},"tags":[]},"source":"8117a3da1909b7a6.json","parameterValues":[]}